Copyright 1986-2020 Xilinx, Inc. All Rights Reserved.
------------------------------------------------------------------------------------
| Tool Version : Vivado v.2020.2 (win64) Build 3064766 Wed Nov 18 09:12:45 MST 2020
| Date         : Tue Jan  2 16:42:55 2024
| Host         : lap180903 running 64-bit major release  (build 9200)
| Command      : report_control_sets -verbose -file top_control_sets_placed.rpt
| Design       : top
| Device       : xc7a35t
------------------------------------------------------------------------------------

Control Set Information

Table of Contents
-----------------
1. Summary
2. Histogram
3. Flip-Flop Distribution
4. Detailed Control Set Information

1. Summary
----------

+----------------------------------------------------------+-------+
|                          Status                          | Count |
+----------------------------------------------------------+-------+
| Total control sets                                       |    17 |
|    Minimum number of control sets                        |    17 |
|    Addition due to synthesis replication                 |     0 |
|    Addition due to physical synthesis replication        |     0 |
| Unused register locations in slices containing registers |    69 |
+----------------------------------------------------------+-------+
* Control sets can be merged at opt_design using control_set_merge or merge_equivalent_drivers
** Run report_qor_suggestions for automated merging and remapping suggestions


2. Histogram
------------

+--------------------+-------+
|       Fanout       | Count |
+--------------------+-------+
| Total control sets |    17 |
| >= 0 to < 4        |     3 |
| >= 4 to < 6        |     1 |
| >= 6 to < 8        |     0 |
| >= 8 to < 10       |     4 |
| >= 10 to < 12      |     5 |
| >= 12 to < 14      |     0 |
| >= 14 to < 16      |     0 |
| >= 16              |     4 |
+--------------------+-------+
* Control sets can be remapped at either synth_design or opt_design


3. Flip-Flop Distribution
-------------------------

+--------------+-----------------------+------------------------+-----------------+--------------+
| Clock Enable | Synchronous Set/Reset | Asynchronous Set/Reset | Total Registers | Total Slices |
+--------------+-----------------------+------------------------+-----------------+--------------+
| No           | No                    | No                     |              48 |           17 |
| No           | No                    | Yes                    |              73 |           23 |
| No           | Yes                   | No                     |              12 |            6 |
| Yes          | No                    | No                     |               0 |            0 |
| Yes          | No                    | Yes                    |             572 |          163 |
| Yes          | Yes                   | No                     |              10 |            6 |
+--------------+-----------------------+------------------------+-----------------+--------------+


4. Detailed Control Set Information
-----------------------------------

+-------------------------------+---------------------------------------------------+--------------------------+------------------+----------------+--------------+
|          Clock Signal         |                   Enable Signal                   |     Set/Reset Signal     | Slice Load Count | Bel Load Count | Bels / Slice |
+-------------------------------+---------------------------------------------------+--------------------------+------------------+----------------+--------------+
|  pc/state[0]                  |                                                   |                          |                1 |              1 |         1.00 |
|  CD0/Q_BUFG[0]                |                                                   | rst_IBUF                 |                2 |              2 |         1.00 |
|  clk_IBUF_BUFG                | key_de/inst/inst/lock_status0                     | rst_IBUF                 |                1 |              2 |         2.00 |
|  clk_IBUF_BUFG                | key_de/inst/inst/Ps2Interface_i/bits_count        | rst_IBUF                 |                2 |              4 |         2.00 |
|  pc/next_y_pos_reg[7]_i_2_n_0 |                                                   |                          |                3 |              8 |         2.67 |
|  clk_IBUF_BUFG                | key_de/inst/inst/Ps2Interface_i/rx_finish         | rst_IBUF                 |                2 |              8 |         4.00 |
|  clk_IBUF_BUFG                | key_de/inst/inst/Ps2Interface_i/rx_valid          | rst_IBUF                 |                2 |              8 |         4.00 |
|  CD2/out[0]                   |                                                   | rst_IBUF                 |                4 |              9 |         2.25 |
|  CD0/Q_BUFG[0]                |                                                   |                          |                3 |             10 |         3.33 |
|  CD0/Q_BUFG[0]                |                                                   | VC0/pixel_cnt[9]_i_1_n_0 |                4 |             10 |         2.50 |
|  CD0/Q_BUFG[0]                | VC0/line_cnt                                      | VC0/line_cnt[9]_i_1_n_0  |                6 |             10 |         1.67 |
|  CD2/out[0]                   | pc/x_1[9]_i_1_n_0                                 | rst_IBUF                 |                5 |             10 |         2.00 |
|  clk_IBUF_BUFG                | key_de/inst/inst/Ps2Interface_i/frame[10]_i_1_n_0 | rst_IBUF                 |                2 |             11 |         5.50 |
|  clk_IBUF_BUFG                | key_de/next_key                                   | rst_IBUF                 |                8 |             17 |         2.12 |
|  clk_IBUF_BUFG                |                                                   |                          |               10 |             29 |         2.90 |
|  clk_IBUF_BUFG                |                                                   | rst_IBUF                 |               19 |             64 |         3.37 |
|  clk_IBUF_BUFG                | key_de/op/E[0]                                    | rst_IBUF                 |              141 |            512 |         3.63 |
+-------------------------------+---------------------------------------------------+--------------------------+------------------+----------------+--------------+


